0 info it worked if it ends with ok
1 verbose cli [ 'D:\\Programmas\\node.exe',
1 verbose cli   'D:\\Programmas\\node_modules\\npm\\bin\\npm-cli.js',
1 verbose cli   'start' ]
2 info using npm@3.10.8
3 info using node@v6.9.1
4 verbose run-script [ 'prestart', 'start', 'poststart' ]
5 info lifecycle flapper-news@0.0.0~prestart: flapper-news@0.0.0
6 silly lifecycle flapper-news@0.0.0~prestart: no script for prestart, continuing
7 info lifecycle flapper-news@0.0.0~start: flapper-news@0.0.0
8 verbose lifecycle flapper-news@0.0.0~start: unsafe-perm in lifecycle true
9 verbose lifecycle flapper-news@0.0.0~start: PATH: D:\Programmas\node_modules\npm\bin\node-gyp-bin;C:\Users\Gebruiker\flapper-news\node_modules\.bin;D:\Oracle\app\oracle\product\11.2.0\server\bin;C:\ProgramData\Oracle\Java\javapath;C:\Program Files (x86)\Intel\iCLS Client\;C:\Program Files\Intel\iCLS Client\;C:\Windows\system32;C:\Windows;C:\Windows\System32\Wbem;C:\Windows\System32\WindowsPowerShell\v1.0\;C:\Program Files (x86)\NVIDIA Corporation\PhysX\Common;C:\Program Files (x86)\Intel\Intel(R) Management Engine Components\DAL;C:\Program Files\Intel\Intel(R) Management Engine Components\DAL;C:\Program Files (x86)\Intel\Intel(R) Management Engine Components\IPT;C:\Program Files\Intel\Intel(R) Management Engine Components\IPT;C:\WINDOWS\system32\config\systemprofile\.dnx\bin;C:\Program Files\Microsoft DNX\Dnvm\;C:\Program Files\Microsoft SQL Server\120\Tools\Binn\;C:\Program Files\Microsoft SQL Server\Client SDK\ODBC\110\Tools\Binn\;C:\Program Files (x86)\Microsoft SQL Server\120\Tools\Binn\;C:\Program Files\Microsoft SQL Server\120\DTS\Binn\;C:\Program Files (x86)\Microsoft SQL Server\120\Tools\Binn\ManagementStudio\;C:\Program Files (x86)\Microsoft SQL Server\120\DTS\Binn\;C:\WINDOWS\system32;C:\WINDOWS;C:\WINDOWS\System32\Wbem;C:\WINDOWS\System32\WindowsPowerShell\v1.0\;C:\Program Files (x86)\Skype\Phone\;C:\Program Files (x86)\Windows Kits\8.1\Windows Performance Toolkit\;C:\Program Files\Microsoft SQL Server\130\Tools\Binn\;C:\Program Files (x86)\Windows Kits\10\Windows Performance Toolkit\;C:\Program Files\Git\cmd;C:\Program Files\Intel\WiFi\bin\;C:\Program Files\Common Files\Intel\WirelessCommon\;D:\Programmas\;C:\Users\Gebruiker\AppData\Local\Programs\MiKTeX 2.9\miktex\bin\;C:\Users\Gebruiker\AppData\Local\Microsoft\WindowsApps;C:\Users\Gebruiker\AppData\Roaming\npm;C:\Users\Gebruiker\AppData\Local\atom\bin
10 verbose lifecycle flapper-news@0.0.0~start: CWD: C:\Users\Gebruiker\flapper-news
11 silly lifecycle flapper-news@0.0.0~start: Args: [ '/d /s /c', 'node ./bin/www' ]
12 silly lifecycle flapper-news@0.0.0~start: Returned: code: 3221225786  signal: null
13 info lifecycle flapper-news@0.0.0~start: Failed to exec start script
14 verbose stack Error: flapper-news@0.0.0 start: `node ./bin/www`
14 verbose stack Exit status 3221225786
14 verbose stack     at EventEmitter.<anonymous> (D:\Programmas\node_modules\npm\lib\utils\lifecycle.js:255:16)
14 verbose stack     at emitTwo (events.js:106:13)
14 verbose stack     at EventEmitter.emit (events.js:191:7)
14 verbose stack     at ChildProcess.<anonymous> (D:\Programmas\node_modules\npm\lib\utils\spawn.js:40:14)
14 verbose stack     at emitTwo (events.js:106:13)
14 verbose stack     at ChildProcess.emit (events.js:191:7)
14 verbose stack     at maybeClose (internal/child_process.js:877:16)
14 verbose stack     at Process.ChildProcess._handle.onexit (internal/child_process.js:226:5)
15 verbose pkgid flapper-news@0.0.0
16 verbose cwd C:\Users\Gebruiker\flapper-news
17 error Windows_NT 10.0.14393
18 error argv "D:\\Programmas\\node.exe" "D:\\Programmas\\node_modules\\npm\\bin\\npm-cli.js" "start"
19 error node v6.9.1
20 error npm  v3.10.8
21 error code ELIFECYCLE
22 error flapper-news@0.0.0 start: `node ./bin/www`
22 error Exit status 3221225786
23 error Failed at the flapper-news@0.0.0 start script 'node ./bin/www'.
23 error Make sure you have the latest version of node.js and npm installed.
23 error If you do, this is most likely a problem with the flapper-news package,
23 error not with npm itself.
23 error Tell the author that this fails on your system:
23 error     node ./bin/www
23 error You can get information on how to open an issue for this project with:
23 error     npm bugs flapper-news
23 error Or if that isn't available, you can get their info via:
23 error     npm owner ls flapper-news
23 error There is likely additional logging output above.
24 verbose exit [ 1, true ]
